<?xml version="1.0" encoding="UTF-8"?>
<!-- Generated by org.testng.reporters.JUnitXMLReporter -->
<testsuite ignored="3" hostname="MUM-45XF833" failures="1" tests="5" name="Test" time="5.518" errors="0" timestamp="2022-01-21T12:40:40 IST">
  <testcase classname="week3Day2.CreateIssue" name="createJIRAIssue" time="1.791"/>
  <testcase classname="week3Day2.CreateIssue" name="createJIRAIssue" time="0.892"/>
  <testcase classname="week3Day2.GetAllIssues" name="getIssues" time="0.863"/>
  <testcase classname="week3Day2.UpdateIssue" name="updateJiraIssue" time="0.543">
    <failure type="java.lang.AssertionError" message="1 expectation failed.
Expected status code &amp;lt;200&amp;gt; but was &amp;lt;204&amp;gt;.
">
      <![CDATA[java.lang.AssertionError: 1 expectation failed.
Expected status code <200> but was <204>.

at org.codehaus.groovy.runtime.callsite.ConstructorSite$ConstructorSiteNoUnwrapNoCoerce.callConstructor(ConstructorSite.java:105)
at org.codehaus.groovy.runtime.callsite.CallSiteArray.defaultCallConstructor(CallSiteArray.java:59)
at org.codehaus.groovy.runtime.callsite.AbstractCallSite.callConstructor(AbstractCallSite.java:263)
at org.codehaus.groovy.runtime.callsite.AbstractCallSite.callConstructor(AbstractCallSite.java:277)
at io.restassured.internal.ResponseSpecificationImpl$HamcrestAssertionClosure.validate(ResponseSpecificationImpl.groovy:493)
at io.restassured.internal.ResponseSpecificationImpl$HamcrestAssertionClosure$validate$1.call(Unknown Source)
at io.restassured.internal.ResponseSpecificationImpl.validateResponseIfRequired(ResponseSpecificationImpl.groovy:674)
at org.codehaus.groovy.runtime.callsite.PlainObjectMetaMethodSite.doInvoke(PlainObjectMetaMethodSite.java:43)
at org.codehaus.groovy.runtime.callsite.PogoMetaMethodSite$PogoCachedMethodSiteNoUnwrapNoCoerce.invoke(PogoMetaMethodSite.java:193)
at org.codehaus.groovy.runtime.callsite.PogoMetaMethodSite.callCurrent(PogoMetaMethodSite.java:61)
at org.codehaus.groovy.runtime.callsite.AbstractCallSite.callCurrent(AbstractCallSite.java:185)
at io.restassured.internal.ResponseSpecificationImpl.statusCode(ResponseSpecificationImpl.groovy:126)
at io.restassured.specification.ResponseSpecification$statusCode$0.callCurrent(Unknown Source)
at io.restassured.internal.ResponseSpecificationImpl.statusCode(ResponseSpecificationImpl.groovy:134)
at io.restassured.internal.ValidatableResponseOptionsImpl.statusCode(ValidatableResponseOptionsImpl.java:89)
at io.restassured.internal.ValidatableResponseImpl.super$2$statusCode(ValidatableResponseImpl.groovy)
at groovy.lang.MetaMethod.doMethodInvoke(MetaMethod.java:323)
at groovy.lang.MetaClassImpl.invokeMethod(MetaClassImpl.java:1268)
at org.codehaus.groovy.runtime.ScriptBytecodeAdapter.invokeMethodOnSuperN(ScriptBytecodeAdapter.java:144)
at io.restassured.internal.ValidatableResponseImpl.statusCode(ValidatableResponseImpl.groovy:142)
at io.restassured.internal.ValidatableResponseImpl.statusCode(ValidatableResponseImpl.groovy)
at week3Day2.UpdateIssue.updateJiraIssue(UpdateIssue.java:27)
at java.base/java.util.ArrayList.forEach(ArrayList.java:1511)
... Removed 42 stack frames]]>
    </failure>
  </testcase> <!-- updateJiraIssue -->
  <testcase classname="week3Day2.DeleteIssue" name="deleteIssueInJira" time="1.404"/>
  <testcase classname="week3Day2.BaseClassJIRA" name="@BeforeSuite setUpJiraValues" time="0.0">
    <ignored/>
  </testcase> <!-- @BeforeSuite setUpJiraValues -->
  <testcase classname="week3Day2.BaseClassJIRA" name="@BeforeSuite setUpJiraValues" time="0.0">
    <ignored/>
  </testcase> <!-- @BeforeSuite setUpJiraValues -->
  <testcase classname="week3Day2.BaseClassJIRA" name="@BeforeSuite setUpJiraValues" time="0.0">
    <ignored/>
  </testcase> <!-- @BeforeSuite setUpJiraValues -->
</testsuite> <!-- Test -->
