<?xml version="1.0" encoding="UTF-8"?>
<testng-results ignored="0" total="1" passed="1" failed="0" skipped="0">
  <reporter-output>
  </reporter-output>
  <suite started-at="2022-01-27T11:44:24 IST" name="Default suite" finished-at="2022-01-27T11:44:26 IST" duration-ms="2143">
    <groups>
    </groups>
    <test started-at="2022-01-27T11:44:24 IST" name="Default test" finished-at="2022-01-27T11:44:26 IST" duration-ms="2143">
      <class name="week3Day2.AddAttachment">
        <test-method signature="addAttachmenttoanIssue()[pri:0, instance:week3Day2.AddAttachment@6babf3bf]" started-at="2022-01-27T11:44:24 IST" name="addAttachmenttoanIssue" finished-at="2022-01-27T11:44:26 IST" duration-ms="2115" status="PASS">
          <reporter-output>
          </reporter-output>
        </test-method> <!-- addAttachmenttoanIssue -->
      </class> <!-- week3Day2.AddAttachment -->
    </test> <!-- Default test -->
  </suite> <!-- Default suite -->
</testng-results>
